wildsow-hs-0.1.0.0: initial-build-steps (lib + exe)
The following GHC options are incompatible with GHCi and have not been passed to it: -threaded
Configuring GHCi with the following packages: wildsow-hs
Using main module: 1. Package `wildsow-hs' component exe:wildsow-hs-exe with main-is file: /root/wildsow.hs/app/Main.hs
GHCi, version 8.0.2: http://www.haskell.org/ghc/  :? for help
[1 of 9] Compiling Model.Types      ( /root/wildsow.hs/src/Model/Types.hs, interpreted )
[2 of 9] Compiling Model.Model      ( /root/wildsow.hs/src/Model/Model.hs, interpreted )
[3 of 9] Compiling Model.Updates    ( /root/wildsow.hs/src/Model/Updates.hs, interpreted )
[4 of 9] Compiling Model.Evaluation ( /root/wildsow.hs/src/Model/Evaluation.hs, interpreted )
[5 of 9] Compiling Model.Validation ( /root/wildsow.hs/src/Model/Validation.hs, interpreted )
[6 of 9] Compiling Model.Bots       ( /root/wildsow.hs/src/Model/Bots.hs, interpreted )
[7 of 9] Compiling Model.Step       ( /root/wildsow.hs/src/Model/Step.hs, interpreted )
[8 of 9] Compiling GameNetwork.NetworkManagement ( /root/wildsow.hs/src/GameNetwork/NetworkManagement.hs, interpreted )
[9 of 9] Compiling GameNetwork.GameSocket ( /root/wildsow.hs/src/GameNetwork/GameSocket.hs, interpreted )
Ok, modules loaded: GameNetwork.GameSocket, GameNetwork.NetworkManagement, Model.Bots, Model.Evaluation, Model.Model, Model.Step, Model.Types, Model.Updates, Model.Validation.
[10 of 10] Compiling Main             ( /root/wildsow.hs/app/Main.hs, interpreted )
Ok, modules loaded: GameNetwork.GameSocket, GameNetwork.NetworkManagement, Main, Model.Bots, Model.Evaluation, Model.Model, Model.Step, Model.Types, Model.Updates, Model.Validation.
Loaded GHCi configuration from /tmp/ghci23304/ghci-script
*Main GameNetwork.GameSocket GameNetwork.NetworkManagement Model.Bots Model.Evaluation Model.Model Model.Step Model.Types Model.Updates Model.Validation> Leaving GHCi.
wildsow-hs-exe: CloseRequest 1001 ""
wildsow-hs-exe: CloseRequest 1001 ""
wildsow-hs-exe: CloseRequest 1001 ""
wildsow-hs-exe: CloseRequest 1001 ""
wildsow-hs-exe: CloseRequest 1001 ""
wildsow-hs-exe: CloseRequest 1001 ""
"listening for HumanPlayer {playerName = \"Zhen\"}"
"listening for HumanPlayer {playerName = \"Zhen\"}"
"listening for HumanPlayer {playerName = \"Zhen\"}"
"listening for HumanPlayer {playerName = \"Zhen\"}"
"listening for HumanPlayer {playerName = \"Zhen\"}"
"listening for HumanPlayer {playerName = \"Zhen\"}"
"listening for HumanPlayer {playerName = \"Zhen\"}"
"listening for HumanPlayer {playerName = \"Zhen\"}"
"listening for HumanPlayer {playerName = \"Zhen\"}"
"listening for HumanPlayer {playerName = \"Zhen\"}"
"listening for HumanPlayer {playerName = \"Zhen\"}"
"listening for HumanPlayer {playerName = \"Zhen\"}"
"listening for HumanPlayer {playerName = \"Zhen\"}"
"listening for HumanPlayer {playerName = \"Zhen\"}"
"listening for HumanPlayer {playerName = \"Zhen\"}"
"listening for HumanPlayer {playerName = \"Zhen\"}"
"listening for HumanPlayer {playerName = \"Zhen\"}"
"listening for HumanPlayer {playerName = \"Zhen\"}"
"listening for HumanPlayer {playerName = \"Zhen\"}"
"listening for HumanPlayer {playerName = \"Zhen\"}"
"listening for HumanPlayer {playerName = \"Zhen\"}"
"listening for HumanPlayer {playerName = \"Zhen\"}"
"listening for HumanPlayer {playerName = \"Zhen\"}"
"listening for HumanPlayer {playerName = \"Zhen\"}"
"listening for HumanPlayer {playerName = \"Zhen\"}"
"listening for HumanPlayer {playerName = \"Zhen\"}"
"listening for HumanPlayer {playerName = \"Zhen\"}"
"listening for HumanPlayer {playerName = \"Zhen\"}"
"listening for HumanPlayer {playerName = \"Zhen\"}"
"listening for HumanPlayer {playerName = \"Zhen\"}"
"listening for HumanPlayer {playerName = \"Zhen\"}"
wildsow-hs-exe: Prelude.foldr1: empty list
wildsow-hs-exe: CloseRequest 1001 ""
wildsow-hs-exe: CloseRequest 1001 ""
wildsow-hs-exe: ConnectionClosed
wildsow-hs-exe: ParseException "string"
wildsow-hs-exe: ParseException "string"
"handling error in main loop"
"listening for HumanPlayer {playerName = \"Zhen\"}"
"listening for HumanPlayer {playerName = \"Zhen\"}"
"listening for HumanPlayer {playerName = \"Zhen\"}"
"listening for HumanPlayer {playerName = \"Zhen\"}"
"listening for HumanPlayer {playerName = \"Zhen\"}"
"listening for HumanPlayer {playerName = \"Zhen\"}"
"listening for HumanPlayer {playerName = \"Zhen\"}"
"listening for HumanPlayer {playerName = \"Zhen\"}"
"listening for HumanPlayer {playerName = \"Zhen\"}"
"listening for HumanPlayer {playerName = \"Zhen\"}"
"listening for HumanPlayer {playerName = \"Zhen\"}"
"listening for HumanPlayer {playerName = \"Zhen\"}"
"listening for HumanPlayer {playerName = \"Zhen\"}"
"DISCONNECTED: HumanPlayer {playerName = \"Zhen\"}"
wildsow-hs-exe: ConnectionClosed
wildsow-hs-exe: ParseException "string"
wildsow-hs-exe: Network.Socket.recvBuf: resource vanished (Connection reset by peer)
wildsow-hs-exe: ParseException "string"
wildsow-hs-exe: ParseException "string"
wildsow-hs-exe: ConnectionClosed
wildsow-hs-exe: ParseException "string"
wildsow-hs-exe: ParseException "string"
"listening for HumanPlayer {playerName = \"asdasd\"}"
"listening for HumanPlayer {playerName = \"asdasd\"}"
"listening for HumanPlayer {playerName = \"asdasd\"}"
"listening for HumanPlayer {playerName = \"asdasd\"}"
"listening for HumanPlayer {playerName = \"asdasd\"}"
"DISCONNECTED: HumanPlayer {playerName = \"asdasd\"}"
wildsow-hs-exe: ConnectionClosed
wildsow-hs-exe: ConnectionClosed
wildsow-hs-exe: ParseException "string"
wildsow-hs-exe: ParseException "string"
wildsow-hs-exe: ParseException "string"
wildsow-hs-exe: ParseException "string"
wildsow-hs-exe: ParseException "string"
wildsow-hs-exe: ParseException "string"
wildsow-hs-exe: ParseException "string"
wildsow-hs-exe: ParseException "string"
wildsow-hs-exe: ParseException "string"
wildsow-hs-exe: ParseException "string"
wildsow-hs-exe: ParseException "string"
wildsow-hs-exe: ParseException "string"
wildsow-hs-exe: ParseException "string"
wildsow-hs-exe: ParseException "string"
wildsow-hs-exe: ParseException "string"
wildsow-hs-exe: ParseException "string"
wildsow-hs-exe: ParseException "string"
wildsow-hs-exe: ParseException "string"
wildsow-hs-exe: ParseException "string"
wildsow-hs-exe: ParseException "string"
wildsow-hs-exe: ParseException "string"
wildsow-hs-exe: ParseException "string"
wildsow-hs-exe: ParseException "string"
wildsow-hs-exe: ParseException "string"
wildsow-hs-exe: ParseException "string"
wildsow-hs-exe: ParseException "string"
wildsow-hs-exe: ParseException "string"
wildsow-hs-exe: ParseException "string"
wildsow-hs-exe: ParseException "string"
wildsow-hs-exe: ParseException "string"
wildsow-hs-exe: ParseException "string"
wildsow-hs-exe: ParseException "string"
wildsow-hs-exe: ParseException "string"
wildsow-hs-exe: ParseException "string"
wildsow-hs-exe: CloseRequest 1001 ""
wildsow-hs-exe: ParseException "string"
wildsow-hs-exe: CloseRequest 1001 ""
wildsow-hs-exe: ConnectionClosed
wildsow-hs-exe: CloseRequest 1001 ""
"listening for HumanPlayer {playerName = \"rob\"}"
"listening for HumanPlayer {playerName = \"rob\"}"
"listening for HumanPlayer {playerName = \"rob\"}"
"listening for HumanPlayer {playerName = \"rob\"}"
"listening for HumanPlayer {playerName = \"Zhen\"}"
"DISCONNECTED: HumanPlayer {playerName = \"rob\"}"
wildsow-hs-exe: CloseRequest 1001 ""
"listening for HumanPlayer {playerName = \"Rob\"}"
"listening for HumanPlayer {playerName = \"Christian\"}"
"listening for HumanPlayer {playerName = \"Zhen\"}"
"listening for HumanPlayer {playerName = \"Zhen\"}"
"listening for HumanPlayer {playerName = \"Zhen\"}"
"listening for HumanPlayer {playerName = \"Zhen\"}"
"listening for HumanPlayer {playerName = \"Zhen\"}"
"listening for HumanPlayer {playerName = \"Zhen\"}"
"listening for HumanPlayer {playerName = \"Zhen\"}"
"listening for HumanPlayer {playerName = \"Zhen\"}"
"listening for HumanPlayer {playerName = \"Zhen\"}"
"listening for HumanPlayer {playerName = \"Christian\"}"
"listening for HumanPlayer {playerName = \"Zhen\"}"
"listening for HumanPlayer {playerName = \"Zhen\"}"
"listening for HumanPlayer {playerName = \"Christian\"}"
"listening for HumanPlayer {playerName = \"Zhen\"}"
"listening for HumanPlayer {playerName = \"Christian\"}"
"listening for HumanPlayer {playerName = \"Zhen\"}"
"DISCONNECTED: HumanPlayer {playerName = \"Zhen\"}"
wildsow-hs-exe: CloseRequest 1001 ""
"listening for HumanPlayer {playerName = \"Zhen\"}"
"DISCONNECTED: HumanPlayer {playerName = \"Christian\"}"
wildsow-hs-exe: CloseRequest 1001 ""
wildsow-hs-exe: CloseRequest 1001 ""
wildsow-hs-exe: CloseRequest 1001 ""
"handling error in main loop"
"listening for HumanPlayer {playerName = \"Chris\"}"
"listening for HumanPlayer {playerName = \"Chris\"}"
"listening for HumanPlayer {playerName = \"Chris\"}"
"listening for HumanPlayer {playerName = \"Chris\"}"
"DISCONNECTED: HumanPlayer {playerName = \"Chris\"}"
wildsow-hs-exe: CloseRequest 1001 ""
"listening for HumanPlayer {playerName = \"Chris\"}"
"listening for HumanPlayer {playerName = \"Chris\"}"
"listening for HumanPlayer {playerName = \"Chris\"}"
"listening for HumanPlayer {playerName = \"Rob\"}"
"listening for HumanPlayer {playerName = \"Zhen\"}"
"listening for HumanPlayer {playerName = \"Zhen\"}"
"listening for HumanPlayer {playerName = \"Zhen\"}"
"listening for HumanPlayer {playerName = \"Zhen\"}"
"listening for HumanPlayer {playerName = \"Chris\"}"
"DISCONNECTED: HumanPlayer {playerName = \"Rob\"}"
wildsow-hs-exe: CloseRequest 1001 ""
"listening for HumanPlayer {playerName = \"Zhen\"}"
"listening for HumanPlayer {playerName = \"Zhen\"}"
"listening for HumanPlayer {playerName = \"Chris\"}"
"listening for HumanPlayer {playerName = \"Zhen\"}"
"listening for HumanPlayer {playerName = \"Chris\"}"
"listening for HumanPlayer {playerName = \"Chris\"}"
"listening for HumanPlayer {playerName = \"Chris\"}"
"listening for HumanPlayer {playerName = \"Chris\"}"
"listening for HumanPlayer {playerName = \"Chris\"}"
"listening for HumanPlayer {playerName = \"Chris\"}"
"listening for HumanPlayer {playerName = \"Chris\"}"
"listening for HumanPlayer {playerName = \"Chris\"}"
"listening for HumanPlayer {playerName = \"Zhen\"}"
"listening for HumanPlayer {playerName = \"Chris\"}"
"listening for HumanPlayer {playerName = \"Chris\"}"
"listening for HumanPlayer {playerName = \"Zhen\"}"
"listening for HumanPlayer {playerName = \"Chris\"}"
"listening for HumanPlayer {playerName = \"Zhen\"}"
"listening for HumanPlayer {playerName = \"Zhen\"}"
"DISCONNECTED: HumanPlayer {playerName = \"Chris\"}"
wildsow-hs-exe: CloseRequest 1001 ""
"listening for HumanPlayer {playerName = \"Chris\"}"
"listening for HumanPlayer {playerName = \"Chris\"}"
"listening for HumanPlayer {playerName = \"Chris\"}"
"listening for HumanPlayer {playerName = \"Chris\"}"
"listening for HumanPlayer {playerName = \"Chris\"}"
"listening for HumanPlayer {playerName = \"Chris\"}"
"listening for HumanPlayer {playerName = \"Chris\"}"
"listening for HumanPlayer {playerName = \"Chris\"}"
"listening for HumanPlayer {playerName = \"Chris\"}"
"listening for HumanPlayer {playerName = \"Chris\"}"
"listening for HumanPlayer {playerName = \"Chris\"}"
"listening for HumanPlayer {playerName = \"Chris\"}"
"listening for HumanPlayer {playerName = \"Chris\"}"
"listening for HumanPlayer {playerName = \"Chris\"}"
"listening for HumanPlayer {playerName = \"Chris\"}"
"listening for HumanPlayer {playerName = \"Chris\"}"
"listening for HumanPlayer {playerName = \"Chris\"}"
"listening for HumanPlayer {playerName = \"Chris\"}"
"listening for HumanPlayer {playerName = \"Chris\"}"
"listening for HumanPlayer {playerName = \"Chris\"}"
"listening for HumanPlayer {playerName = \"Chris\"}"
"listening for HumanPlayer {playerName = \"Chris\"}"
"listening for HumanPlayer {playerName = \"Chris\"}"
"listening for HumanPlayer {playerName = \"Chris\"}"
"listening for HumanPlayer {playerName = \"Chris\"}"
"listening for HumanPlayer {playerName = \"Chris\"}"
"listening for HumanPlayer {playerName = \"Chris\"}"
"listening for HumanPlayer {playerName = \"Chris\"}"
"listening for HumanPlayer {playerName = \"Chris\"}"
"listening for HumanPlayer {playerName = \"Chris\"}"
"listening for HumanPlayer {playerName = \"Chris\"}"
"listening for HumanPlayer {playerName = \"Chris\"}"
"listening for HumanPlayer {playerName = \"Chris\"}"
"listening for HumanPlayer {playerName = \"Chris\"}"
"listening for HumanPlayer {playerName = \"Chris\"}"
"DISCONNECTED: HumanPlayer {playerName = \"Chris\"}"
wildsow-hs-exe: CloseRequest 1001 ""
"DISCONNECTED: HumanPlayer {playerName = \"Zhen\"}"
wildsow-hs-exe: CloseRequest 1001 ""
"listening for HumanPlayer {playerName = \"Chris\"}"
"listening for HumanPlayer {playerName = \"Chris\"}"
"listening for HumanPlayer {playerName = \"Chris\"}"
"listening for HumanPlayer {playerName = \"Zhen\"}"
"listening for HumanPlayer {playerName = \"Chris\"}"
"listening for HumanPlayer {playerName = \"Zhen\"}"
"listening for HumanPlayer {playerName = \"Chris\"}"
"listening for HumanPlayer {playerName = \"Chris\"}"
"listening for HumanPlayer {playerName = \"Zhen\"}"
"listening for HumanPlayer {playerName = \"Chris\"}"
"listening for HumanPlayer {playerName = \"Zhen\"}"
"listening for HumanPlayer {playerName = \"Zhen\"}"
"listening for HumanPlayer {playerName = \"Chris\"}"
"listening for HumanPlayer {playerName = \"Zhen\"}"
"listening for HumanPlayer {playerName = \"Chris\"}"
"listening for HumanPlayer {playerName = \"Chris\"}"
"listening for HumanPlayer {playerName = \"Chris\"}"
"listening for HumanPlayer {playerName = \"Chris\"}"
"listening for HumanPlayer {playerName = \"Zhen\"}"
"listening for HumanPlayer {playerName = \"Chris\"}"
"listening for HumanPlayer {playerName = \"Zhen\"}"
"listening for HumanPlayer {playerName = \"Chris\"}"
"listening for HumanPlayer {playerName = \"Chris\"}"
"listening for HumanPlayer {playerName = \"Chris\"}"
"listening for HumanPlayer {playerName = \"Zhen\"}"
"listening for HumanPlayer {playerName = \"Zhen\"}"
"listening for HumanPlayer {playerName = \"Zhen\"}"
"listening for HumanPlayer {playerName = \"Chris\"}"
"listening for HumanPlayer {playerName = \"Zhen\"}"
"listening for HumanPlayer {playerName = \"Chris\"}"
"listening for HumanPlayer {playerName = \"Zhen\"}"
"listening for HumanPlayer {playerName = \"Chris\"}"
"listening for HumanPlayer {playerName = \"Chris\"}"
"listening for HumanPlayer {playerName = \"Chris\"}"
"listening for HumanPlayer {playerName = \"Chris\"}"
"listening for HumanPlayer {playerName = \"Chris\"}"
"listening for HumanPlayer {playerName = \"Chris\"}"
"listening for HumanPlayer {playerName = \"Chris\"}"
"listening for HumanPlayer {playerName = \"Chris\"}"
"listening for HumanPlayer {playerName = \"Chris\"}"
"listening for HumanPlayer {playerName = \"Chris\"}"
"listening for HumanPlayer {playerName = \"Chris\"}"
"listening for HumanPlayer {playerName = \"Zhen\"}"
"listening for HumanPlayer {playerName = \"Chris\"}"
"listening for HumanPlayer {playerName = \"Chris\"}"
"listening for HumanPlayer {playerName = \"Chris\"}"
"listening for HumanPlayer {playerName = \"Zhen\"}"
"listening for HumanPlayer {playerName = \"Chris\"}"
"listening for HumanPlayer {playerName = \"Zhen\"}"
"listening for HumanPlayer {playerName = \"Chris\"}"
"listening for HumanPlayer {playerName = \"Chris\"}"
"listening for HumanPlayer {playerName = \"Chris\"}"
"listening for HumanPlayer {playerName = \"Chris\"}"
"listening for HumanPlayer {playerName = \"Chris\"}"
"listening for HumanPlayer {playerName = \"Chris\"}"
"listening for HumanPlayer {playerName = \"Zhen\"}"
"listening for HumanPlayer {playerName = \"Chris\"}"
"listening for HumanPlayer {playerName = \"Chris\"}"
"listening for HumanPlayer {playerName = \"Chris\"}"
"listening for HumanPlayer {playerName = \"Zhen\"}"
"listening for HumanPlayer {playerName = \"Zhen\"}"
"listening for HumanPlayer {playerName = \"Zhen\"}"
"listening for HumanPlayer {playerName = \"Zhen\"}"
"listening for HumanPlayer {playerName = \"Chris\"}"
"listening for HumanPlayer {playerName = \"Zhen\"}"
"listening for HumanPlayer {playerName = \"Chris\"}"
"listening for HumanPlayer {playerName = \"Chris\"}"
"listening for HumanPlayer {playerName = \"Zhen\"}"
"listening for HumanPlayer {playerName = \"Chris\"}"
"listening for HumanPlayer {playerName = \"Zhen\"}"
"listening for HumanPlayer {playerName = \"Chris\"}"
"listening for HumanPlayer {playerName = \"Chris\"}"
"listening for HumanPlayer {playerName = \"Chris\"}"
"listening for HumanPlayer {playerName = \"Chris\"}"
"listening for HumanPlayer {playerName = \"Zhen\"}"
"listening for HumanPlayer {playerName = \"Chris\"}"
"listening for HumanPlayer {playerName = \"Chris\"}"
"listening for HumanPlayer {playerName = \"Chris\"}"
"listening for HumanPlayer {playerName = \"Chris\"}"
"listening for HumanPlayer {playerName = \"Zhen\"}"
"listening for HumanPlayer {playerName = \"Chris\"}"
"listening for HumanPlayer {playerName = \"Chris\"}"
"listening for HumanPlayer {playerName = \"Zhen\"}"
"listening for HumanPlayer {playerName = \"Chris\"}"
"listening for HumanPlayer {playerName = \"Chris\"}"
"listening for HumanPlayer {playerName = \"Zhen\"}"
"listening for HumanPlayer {playerName = \"Chris\"}"
"listening for HumanPlayer {playerName = \"Chris\"}"
"listening for HumanPlayer {playerName = \"Chris\"}"
"listening for HumanPlayer {playerName = \"Zhen\"}"
"listening for HumanPlayer {playerName = \"Chris\"}"
"listening for HumanPlayer {playerName = \"Chris\"}"
"listening for HumanPlayer {playerName = \"Chris\"}"
"listening for HumanPlayer {playerName = \"Chris\"}"
"listening for HumanPlayer {playerName = \"Chris\"}"
"listening for HumanPlayer {playerName = \"Zhen\"}"
"listening for HumanPlayer {playerName = \"Chris\"}"
"listening for HumanPlayer {playerName = \"Zhen\"}"
"listening for HumanPlayer {playerName = \"Chris\"}"
"listening for HumanPlayer {playerName = \"Chris\"}"
"listening for HumanPlayer {playerName = \"Chris\"}"
"listening for HumanPlayer {playerName = \"Chris\"}"
"listening for HumanPlayer {playerName = \"Chris\"}"
"listening for HumanPlayer {playerName = \"Chris\"}"
"listening for HumanPlayer {playerName = \"Chris\"}"
"listening for HumanPlayer {playerName = \"Chris\"}"
"listening for HumanPlayer {playerName = \"Zhen\"}"
"listening for HumanPlayer {playerName = \"Chris\"}"
"listening for HumanPlayer {playerName = \"Chris\"}"
"listening for HumanPlayer {playerName = \"Zhen\"}"
"listening for HumanPlayer {playerName = \"Chris\"}"
"listening for HumanPlayer {playerName = \"Chris\"}"
"listening for HumanPlayer {playerName = \"Zhen\"}"
"listening for HumanPlayer {playerName = \"Chris\"}"
"listening for HumanPlayer {playerName = \"Chris\"}"
"listening for HumanPlayer {playerName = \"Chris\"}"
"listening for HumanPlayer {playerName = \"Chris\"}"
"listening for HumanPlayer {playerName = \"Zhen\"}"
"listening for HumanPlayer {playerName = \"Chris\"}"
"listening for HumanPlayer {playerName = \"Chris\"}"
"listening for HumanPlayer {playerName = \"Chris\"}"
"listening for HumanPlayer {playerName = \"Chris\"}"
"listening for HumanPlayer {playerName = \"Chris\"}"
"listening for HumanPlayer {playerName = \"Chris\"}"
"listening for HumanPlayer {playerName = \"Chris\"}"
"listening for HumanPlayer {playerName = \"Chris\"}"
"listening for HumanPlayer {playerName = \"Zhen\"}"
"listening for HumanPlayer {playerName = \"Chris\"}"
"listening for HumanPlayer {playerName = \"Chris\"}"
"listening for HumanPlayer {playerName = \"Zhen\"}"
"listening for HumanPlayer {playerName = \"Chris\"}"
"listening for HumanPlayer {playerName = \"Chris\"}"
"listening for HumanPlayer {playerName = \"Chris\"}"
"listening for HumanPlayer {playerName = \"Zhen\"}"
"listening for HumanPlayer {playerName = \"Chris\"}"
"listening for HumanPlayer {playerName = \"Chris\"}"
"listening for HumanPlayer {playerName = \"Chris\"}"
"listening for HumanPlayer {playerName = \"Zhen\"}"
"listening for HumanPlayer {playerName = \"Chris\"}"
"listening for HumanPlayer {playerName = \"Zhen\"}"
"listening for HumanPlayer {playerName = \"Zhen\"}"
"listening for HumanPlayer {playerName = \"Chris\"}"
"listening for HumanPlayer {playerName = \"Zhen\"}"
"listening for HumanPlayer {playerName = \"Chris\"}"
"listening for HumanPlayer {playerName = \"Chris\"}"
"listening for HumanPlayer {playerName = \"Chris\"}"
"listening for HumanPlayer {playerName = \"Zhen\"}"
"listening for HumanPlayer {playerName = \"Chris\"}"
"listening for HumanPlayer {playerName = \"Zhen\"}"
"listening for HumanPlayer {playerName = \"Chris\"}"
"listening for HumanPlayer {playerName = \"Chris\"}"
"listening for HumanPlayer {playerName = \"Chris\"}"
"listening for HumanPlayer {playerName = \"Chris\"}"
"listening for HumanPlayer {playerName = \"Zhen\"}"
"listening for HumanPlayer {playerName = \"Chris\"}"
"listening for HumanPlayer {playerName = \"Chris\"}"
"listening for HumanPlayer {playerName = \"Zhen\"}"
"listening for HumanPlayer {playerName = \"Chris\"}"
"listening for HumanPlayer {playerName = \"Zhen\"}"
"listening for HumanPlayer {playerName = \"Chris\"}"
"listening for HumanPlayer {playerName = \"Zhen\"}"
"listening for HumanPlayer {playerName = \"Chris\"}"
"listening for HumanPlayer {playerName = \"Chris\"}"
"listening for HumanPlayer {playerName = \"Chris\"}"
"listening for HumanPlayer {playerName = \"Chris\"}"
"listening for HumanPlayer {playerName = \"Chris\"}"
"listening for HumanPlayer {playerName = \"Zhen\"}"
"listening for HumanPlayer {playerName = \"Chris\"}"
"listening for HumanPlayer {playerName = \"Chris\"}"
"listening for HumanPlayer {playerName = \"Zhen\"}"
"listening for HumanPlayer {playerName = \"Zhen\"}"
"listening for HumanPlayer {playerName = \"Chris\"}"
"listening for HumanPlayer {playerName = \"Chris\"}"
"listening for HumanPlayer {playerName = \"Chris\"}"
"listening for HumanPlayer {playerName = \"Chris\"}"
"listening for HumanPlayer {playerName = \"Chris\"}"
"listening for HumanPlayer {playerName = \"Chris\"}"
"listening for HumanPlayer {playerName = \"Chris\"}"
"listening for HumanPlayer {playerName = \"Chris\"}"
"listening for HumanPlayer {playerName = \"Chris\"}"
"listening for HumanPlayer {playerName = \"Zhen\"}"
"listening for HumanPlayer {playerName = \"Chris\"}"
"listening for HumanPlayer {playerName = \"Chris\"}"
"listening for HumanPlayer {playerName = \"Chris\"}"
"listening for HumanPlayer {playerName = \"Chris\"}"
"listening for HumanPlayer {playerName = \"Zhen\"}"
"listening for HumanPlayer {playerName = \"Chris\"}"
"listening for HumanPlayer {playerName = \"Zhen\"}"
"listening for HumanPlayer {playerName = \"Chris\"}"
"listening for HumanPlayer {playerName = \"Chris\"}"
"listening for HumanPlayer {playerName = \"Chris\"}"
"listening for HumanPlayer {playerName = \"Chris\"}"
"listening for HumanPlayer {playerName = \"Chris\"}"
"listening for HumanPlayer {playerName = \"Chris\"}"
"listening for HumanPlayer {playerName = \"Chris\"}"
"listening for HumanPlayer {playerName = \"Chris\"}"
"listening for HumanPlayer {playerName = \"Chris\"}"
"listening for HumanPlayer {playerName = \"Chris\"}"
"listening for HumanPlayer {playerName = \"Chris\"}"
"listening for HumanPlayer {playerName = \"Chris\"}"
"listening for HumanPlayer {playerName = \"Chris\"}"
"listening for HumanPlayer {playerName = \"Chris\"}"
"listening for HumanPlayer {playerName = \"Zhen\"}"
"listening for HumanPlayer {playerName = \"Chris\"}"
"listening for HumanPlayer {playerName = \"Chris\"}"
"listening for HumanPlayer {playerName = \"Zhen\"}"
"listening for HumanPlayer {playerName = \"Chris\"}"
"listening for HumanPlayer {playerName = \"Zhen\"}"
"listening for HumanPlayer {playerName = \"Chris\"}"
"listening for HumanPlayer {playerName = \"Chris\"}"
"listening for HumanPlayer {playerName = \"Chris\"}"
"listening for HumanPlayer {playerName = \"Zhen\"}"
"listening for HumanPlayer {playerName = \"Zhen\"}"
"listening for HumanPlayer {playerName = \"Chris\"}"
"listening for HumanPlayer {playerName = \"Zhen\"}"
"listening for HumanPlayer {playerName = \"Chris\"}"
"listening for HumanPlayer {playerName = \"Chris\"}"
"listening for HumanPlayer {playerName = \"Chris\"}"
"listening for HumanPlayer {playerName = \"Chris\"}"
"listening for HumanPlayer {playerName = \"Chris\"}"
"listening for HumanPlayer {playerName = \"Chris\"}"
"listening for HumanPlayer {playerName = \"Zhen\"}"
"listening for HumanPlayer {playerName = \"Chris\"}"
"listening for HumanPlayer {playerName = \"Zhen\"}"
"listening for HumanPlayer {playerName = \"Chris\"}"
"listening for HumanPlayer {playerName = \"Chris\"}"
"listening for HumanPlayer {playerName = \"Chris\"}"
"listening for HumanPlayer {playerName = \"Zhen\"}"
"listening for HumanPlayer {playerName = \"Chris\"}"
"listening for HumanPlayer {playerName = \"Chris\"}"
"listening for HumanPlayer {playerName = \"Chris\"}"
"listening for HumanPlayer {playerName = \"Chris\"}"
"listening for HumanPlayer {playerName = \"Chris\"}"
"listening for HumanPlayer {playerName = \"Chris\"}"
"listening for HumanPlayer {playerName = \"Chris\"}"
"listening for HumanPlayer {playerName = \"Chris\"}"
"listening for HumanPlayer {playerName = \"Zhen\"}"
"listening for HumanPlayer {playerName = \"Zhen\"}"
"listening for HumanPlayer {playerName = \"Chris\"}"
"listening for HumanPlayer {playerName = \"Chris\"}"
"listening for HumanPlayer {playerName = \"Chris\"}"
"listening for HumanPlayer {playerName = \"Zhen\"}"
"listening for HumanPlayer {playerName = \"Chris\"}"
"listening for HumanPlayer {playerName = \"Zhen\"}"
"listening for HumanPlayer {playerName = \"Chris\"}"
"listening for HumanPlayer {playerName = \"Chris\"}"
"listening for HumanPlayer {playerName = \"Chris\"}"
"listening for HumanPlayer {playerName = \"Chris\"}"
"listening for HumanPlayer {playerName = \"Chris\"}"
"listening for HumanPlayer {playerName = \"Chris\"}"
"listening for HumanPlayer {playerName = \"Chris\"}"
"listening for HumanPlayer {playerName = \"Chris\"}"
"listening for HumanPlayer {playerName = \"Chris\"}"
"listening for HumanPlayer {playerName = \"Chris\"}"
"listening for HumanPlayer {playerName = \"Chris\"}"
"listening for HumanPlayer {playerName = \"Zhen\"}"
"listening for HumanPlayer {playerName = \"Chris\"}"
"listening for HumanPlayer {playerName = \"Chris\"}"
"listening for HumanPlayer {playerName = \"Chris\"}"
"listening for HumanPlayer {playerName = \"Chris\"}"
"listening for HumanPlayer {playerName = \"Chris\"}"
"listening for HumanPlayer {playerName = \"Chris\"}"
"listening for HumanPlayer {playerName = \"Chris\"}"
"listening for HumanPlayer {playerName = \"Chris\"}"
"listening for HumanPlayer {playerName = \"Zhen\"}"
"listening for HumanPlayer {playerName = \"Chris\"}"
"listening for HumanPlayer {playerName = \"Chris\"}"
"listening for HumanPlayer {playerName = \"Chris\"}"
"listening for HumanPlayer {playerName = \"Chris\"}"
"listening for HumanPlayer {playerName = \"Chris\"}"
"listening for HumanPlayer {playerName = \"Chris\"}"
"listening for HumanPlayer {playerName = \"Chris\"}"
"listening for HumanPlayer {playerName = \"Chris\"}"
"listening for HumanPlayer {playerName = \"Chris\"}"
"listening for HumanPlayer {playerName = \"Chris\"}"
"listening for HumanPlayer {playerName = \"Zhen\"}"
"listening for HumanPlayer {playerName = \"Chris\"}"
"listening for HumanPlayer {playerName = \"Chris\"}"
"listening for HumanPlayer {playerName = \"Chris\"}"
"listening for HumanPlayer {playerName = \"Chris\"}"
"listening for HumanPlayer {playerName = \"Chris\"}"
"listening for HumanPlayer {playerName = \"Chris\"}"
"listening for HumanPlayer {playerName = \"Chris\"}"
"listening for HumanPlayer {playerName = \"Chris\"}"
"listening for HumanPlayer {playerName = \"Chris\"}"
"listening for HumanPlayer {playerName = \"Zhen\"}"
"listening for HumanPlayer {playerName = \"Chris\"}"
"listening for HumanPlayer {playerName = \"Chris\"}"
"listening for HumanPlayer {playerName = \"Chris\"}"
"listening for HumanPlayer {playerName = \"Zhen\"}"
"listening for HumanPlayer {playerName = \"Chris\"}"
"listening for HumanPlayer {playerName = \"Chris\"}"
"listening for HumanPlayer {playerName = \"Chris\"}"
"listening for HumanPlayer {playerName = \"Chris\"}"
"listening for HumanPlayer {playerName = \"Chris\"}"
"listening for HumanPlayer {playerName = \"Chris\"}"
"listening for HumanPlayer {playerName = \"Chris\"}"
"listening for HumanPlayer {playerName = \"Zhen\"}"
"listening for HumanPlayer {playerName = \"Zhen\"}"
"listening for HumanPlayer {playerName = \"Chris\"}"
"listening for HumanPlayer {playerName = \"Zhen\"}"
"listening for HumanPlayer {playerName = \"Chris\"}"
"listening for HumanPlayer {playerName = \"Chris\"}"
"listening for HumanPlayer {playerName = \"Chris\"}"
"listening for HumanPlayer {playerName = \"Chris\"}"
"listening for HumanPlayer {playerName = \"Zhen\"}"
"listening for HumanPlayer {playerName = \"Chris\"}"
"listening for HumanPlayer {playerName = \"Chris\"}"
"listening for HumanPlayer {playerName = \"Chris\"}"
"listening for HumanPlayer {playerName = \"Chris\"}"
"listening for HumanPlayer {playerName = \"Chris\"}"
"listening for HumanPlayer {playerName = \"Chris\"}"
"listening for HumanPlayer {playerName = \"Chris\"}"
"listening for HumanPlayer {playerName = \"Chris\"}"
"listening for HumanPlayer {playerName = \"Chris\"}"
"listening for HumanPlayer {playerName = \"Chris\"}"
"listening for HumanPlayer {playerName = \"Chris\"}"
"listening for HumanPlayer {playerName = \"Chris\"}"
"listening for HumanPlayer {playerName = \"Zhen\"}"
"listening for HumanPlayer {playerName = \"Chris\"}"
"listening for HumanPlayer {playerName = \"Chris\"}"
"listening for HumanPlayer {playerName = \"Chris\"}"
"listening for HumanPlayer {playerName = \"Chris\"}"
"listening for HumanPlayer {playerName = \"Chris\"}"
"listening for HumanPlayer {playerName = \"Chris\"}"
"listening for HumanPlayer {playerName = \"Chris\"}"
"listening for HumanPlayer {playerName = \"Chris\"}"
"listening for HumanPlayer {playerName = \"Chris\"}"
"listening for HumanPlayer {playerName = \"Zhen\"}"
"listening for HumanPlayer {playerName = \"Chris\"}"
"listening for HumanPlayer {playerName = \"Chris\"}"
"listening for HumanPlayer {playerName = \"Chris\"}"
"listening for HumanPlayer {playerName = \"Chris\"}"
"listening for HumanPlayer {playerName = \"Chris\"}"
"listening for HumanPlayer {playerName = \"Zhen\"}"
"listening for HumanPlayer {playerName = \"Chris\"}"
"listening for HumanPlayer {playerName = \"Chris\"}"
"listening for HumanPlayer {playerName = \"Chris\"}"
"listening for HumanPlayer {playerName = \"Chris\"}"
"listening for HumanPlayer {playerName = \"Chris\"}"
"listening for HumanPlayer {playerName = \"Chris\"}"
"listening for HumanPlayer {playerName = \"Chris\"}"
"listening for HumanPlayer {playerName = \"Chris\"}"
"listening for HumanPlayer {playerName = \"Chris\"}"
"listening for HumanPlayer {playerName = \"Chris\"}"
"listening for HumanPlayer {playerName = \"Zhen\"}"
"listening for HumanPlayer {playerName = \"Chris\"}"
"listening for HumanPlayer {playerName = \"Chris\"}"
"listening for HumanPlayer {playerName = \"Chris\"}"
"listening for HumanPlayer {playerName = \"Chris\"}"
"listening for HumanPlayer {playerName = \"Chris\"}"
"listening for HumanPlayer {playerName = \"Chris\"}"
"listening for HumanPlayer {playerName = \"Chris\"}"
"listening for HumanPlayer {playerName = \"Chris\"}"
"listening for HumanPlayer {playerName = \"Chris\"}"
"listening for HumanPlayer {playerName = \"Zhen\"}"
"listening for HumanPlayer {playerName = \"Chris\"}"
"listening for HumanPlayer {playerName = \"Chris\"}"
"listening for HumanPlayer {playerName = \"Chris\"}"
"listening for HumanPlayer {playerName = \"Chris\"}"
"listening for HumanPlayer {playerName = \"Chris\"}"
"listening for HumanPlayer {playerName = \"Chris\"}"
"listening for HumanPlayer {playerName = \"Chris\"}"
"listening for HumanPlayer {playerName = \"Zhen\"}"
"listening for HumanPlayer {playerName = \"Chris\"}"
"listening for HumanPlayer {playerName = \"Chris\"}"
"listening for HumanPlayer {playerName = \"Chris\"}"
"listening for HumanPlayer {playerName = \"Chris\"}"
"listening for HumanPlayer {playerName = \"Chris\"}"
"listening for HumanPlayer {playerName = \"Chris\"}"
"listening for HumanPlayer {playerName = \"Chris\"}"
"listening for HumanPlayer {playerName = \"Zhen\"}"
"listening for HumanPlayer {playerName = \"Chris\"}"
"listening for HumanPlayer {playerName = \"Chris\"}"
"listening for HumanPlayer {playerName = \"Zhen\"}"
"listening for HumanPlayer {playerName = \"Chris\"}"
"listening for HumanPlayer {playerName = \"Chris\"}"
"listening for HumanPlayer {playerName = \"Chris\"}"
"listening for HumanPlayer {playerName = \"Chris\"}"
"listening for HumanPlayer {playerName = \"Zhen\"}"
"listening for HumanPlayer {playerName = \"Chris\"}"
"listening for HumanPlayer {playerName = \"Chris\"}"
"listening for HumanPlayer {playerName = \"Chris\"}"
"listening for HumanPlayer {playerName = \"Chris\"}"
"listening for HumanPlayer {playerName = \"Chris\"}"
"listening for HumanPlayer {playerName = \"Chris\"}"
"listening for HumanPlayer {playerName = \"Zhen\"}"
"listening for HumanPlayer {playerName = \"Chris\"}"
"listening for HumanPlayer {playerName = \"Chris\"}"
"listening for HumanPlayer {playerName = \"Chris\"}"
"listening for HumanPlayer {playerName = \"Chris\"}"
"listening for HumanPlayer {playerName = \"Chris\"}"
"listening for HumanPlayer {playerName = \"Chris\"}"
"listening for HumanPlayer {playerName = \"Chris\"}"
"listening for HumanPlayer {playerName = \"Chris\"}"
"listening for HumanPlayer {playerName = \"Chris\"}"
"listening for HumanPlayer {playerName = \"Zhen\"}"
"listening for HumanPlayer {playerName = \"Chris\"}"
"listening for HumanPlayer {playerName = \"Chris\"}"
"listening for HumanPlayer {playerName = \"Chris\"}"
"listening for HumanPlayer {playerName = \"Chris\"}"
"listening for HumanPlayer {playerName = \"Chris\"}"
"listening for HumanPlayer {playerName = \"Chris\"}"
"listening for HumanPlayer {playerName = \"Chris\"}"
"listening for HumanPlayer {playerName = \"Chris\"}"
"listening for HumanPlayer {playerName = \"Chris\"}"
"listening for HumanPlayer {playerName = \"Chris\"}"
"listening for HumanPlayer {playerName = \"Chris\"}"
"listening for HumanPlayer {playerName = \"Chris\"}"
"listening for HumanPlayer {playerName = \"Chris\"}"
"listening for HumanPlayer {playerName = \"Chris\"}"
"listening for HumanPlayer {playerName = \"Chris\"}"
"listening for HumanPlayer {playerName = \"Chris\"}"
"listening for HumanPlayer {playerName = \"Chris\"}"
"listening for HumanPlayer {playerName = \"Chris\"}"
"listening for HumanPlayer {playerName = \"Zhen\"}"
"listening for HumanPlayer {playerName = \"Chris\"}"
"listening for HumanPlayer {playerName = \"Chris\"}"
"listening for HumanPlayer {playerName = \"Chris\"}"
"listening for HumanPlayer {playerName = \"Chris\"}"
"listening for HumanPlayer {playerName = \"Chris\"}"
"listening for HumanPlayer {playerName = \"Chris\"}"
"listening for HumanPlayer {playerName = \"Chris\"}"
"listening for HumanPlayer {playerName = \"Chris\"}"
"listening for HumanPlayer {playerName = \"Chris\"}"
"listening for HumanPlayer {playerName = \"Chris\"}"
"listening for HumanPlayer {playerName = \"Chris\"}"
"listening for HumanPlayer {playerName = \"Chris\"}"
"listening for HumanPlayer {playerName = \"Chris\"}"
"listening for HumanPlayer {playerName = \"Chris\"}"
"listening for HumanPlayer {playerName = \"Chris\"}"
"listening for HumanPlayer {playerName = \"Chris\"}"
"listening for HumanPlayer {playerName = \"Chris\"}"
"listening for HumanPlayer {playerName = \"Chris\"}"
"listening for HumanPlayer {playerName = \"Chris\"}"
"listening for HumanPlayer {playerName = \"Chris\"}"
"listening for HumanPlayer {playerName = \"Chris\"}"
"listening for HumanPlayer {playerName = \"Chris\"}"
"listening for HumanPlayer {playerName = \"Chris\"}"
"listening for HumanPlayer {playerName = \"Chris\"}"
"listening for HumanPlayer {playerName = \"Chris\"}"
"listening for HumanPlayer {playerName = \"Zhen\"}"
"listening for HumanPlayer {playerName = \"Chris\"}"
"listening for HumanPlayer {playerName = \"Chris\"}"
"listening for HumanPlayer {playerName = \"Chris\"}"
"listening for HumanPlayer {playerName = \"Chris\"}"
"listening for HumanPlayer {playerName = \"Chris\"}"
"listening for HumanPlayer {playerName = \"Chris\"}"
"listening for HumanPlayer {playerName = \"Chris\"}"
"listening for HumanPlayer {playerName = \"Chris\"}"
"listening for HumanPlayer {playerName = \"Zhen\"}"
"listening for HumanPlayer {playerName = \"Chris\"}"
"listening for HumanPlayer {playerName = \"Chris\"}"
"listening for HumanPlayer {playerName = \"Chris\"}"
"listening for HumanPlayer {playerName = \"Chris\"}"
"listening for HumanPlayer {playerName = \"Chris\"}"
"listening for HumanPlayer {playerName = \"Chris\"}"
"listening for HumanPlayer {playerName = \"Chris\"}"
"listening for HumanPlayer {playerName = \"Chris\"}"
"listening for HumanPlayer {playerName = \"Chris\"}"
"listening for HumanPlayer {playerName = \"Chris\"}"
"listening for HumanPlayer {playerName = \"Zhen\"}"
"listening for HumanPlayer {playerName = \"Chris\"}"
"listening for HumanPlayer {playerName = \"Zhen\"}"
"listening for HumanPlayer {playerName = \"Chris\"}"
"listening for HumanPlayer {playerName = \"Zhen\"}"
"listening for HumanPlayer {playerName = \"Zhen\"}"
"listening for HumanPlayer {playerName = \"Chris\"}"
"listening for HumanPlayer {playerName = \"Chris\"}"
"listening for HumanPlayer {playerName = \"Zhen\"}"
"listening for HumanPlayer {playerName = \"Chris\"}"
"listening for HumanPlayer {playerName = \"Chris\"}"
"listening for HumanPlayer {playerName = \"Chris\"}"
"listening for HumanPlayer {playerName = \"Chris\"}"
"listening for HumanPlayer {playerName = \"Chris\"}"
"listening for HumanPlayer {playerName = \"Chris\"}"
"listening for HumanPlayer {playerName = \"Chris\"}"
"listening for HumanPlayer {playerName = \"Chris\"}"
"listening for HumanPlayer {playerName = \"Chris\"}"
"listening for HumanPlayer {playerName = \"Chris\"}"
"listening for HumanPlayer {playerName = \"Chris\"}"
"listening for HumanPlayer {playerName = \"Chris\"}"
"listening for HumanPlayer {playerName = \"Zhen\"}"
"listening for HumanPlayer {playerName = \"Chris\"}"
"listening for HumanPlayer {playerName = \"Chris\"}"
"listening for HumanPlayer {playerName = \"Chris\"}"
"listening for HumanPlayer {playerName = \"Chris\"}"
"listening for HumanPlayer {playerName = \"Chris\"}"
"listening for HumanPlayer {playerName = \"Chris\"}"
"listening for HumanPlayer {playerName = \"Chris\"}"
"listening for HumanPlayer {playerName = \"Chris\"}"
"listening for HumanPlayer {playerName = \"Chris\"}"
"listening for HumanPlayer {playerName = \"Zhen\"}"
"listening for HumanPlayer {playerName = \"Chris\"}"
"listening for HumanPlayer {playerName = \"Chris\"}"
"listening for HumanPlayer {playerName = \"Chris\"}"
"listening for HumanPlayer {playerName = \"Zhen\"}"
"listening for HumanPlayer {playerName = \"Chris\"}"
"listening for HumanPlayer {playerName = \"Chris\"}"
"listening for HumanPlayer {playerName = \"Zhen\"}"
"listening for HumanPlayer {playerName = \"Chris\"}"
"listening for HumanPlayer {playerName = \"Chris\"}"
"listening for HumanPlayer {playerName = \"Chris\"}"
"listening for HumanPlayer {playerName = \"Chris\"}"
"listening for HumanPlayer {playerName = \"Chris\"}"
"listening for HumanPlayer {playerName = \"Chris\"}"
"listening for HumanPlayer {playerName = \"Chris\"}"
"listening for HumanPlayer {playerName = \"Chris\"}"
"listening for HumanPlayer {playerName = \"Chris\"}"
"listening for HumanPlayer {playerName = \"Chris\"}"
"listening for HumanPlayer {playerName = \"Chris\"}"
"listening for HumanPlayer {playerName = \"Chris\"}"
"listening for HumanPlayer {playerName = \"Chris\"}"
"listening for HumanPlayer {playerName = \"Chris\"}"
"listening for HumanPlayer {playerName = \"Zhen\"}"
"listening for HumanPlayer {playerName = \"Chris\"}"
"listening for HumanPlayer {playerName = \"Chris\"}"
"listening for HumanPlayer {playerName = \"Chris\"}"
"listening for HumanPlayer {playerName = \"Chris\"}"
"listening for HumanPlayer {playerName = \"Chris\"}"
"listening for HumanPlayer {playerName = \"Chris\"}"
"listening for HumanPlayer {playerName = \"Zhen\"}"
"listening for HumanPlayer {playerName = \"Zhen\"}"
"listening for HumanPlayer {playerName = \"Zhen\"}"
"listening for HumanPlayer {playerName = \"Chris\"}"
"listening for HumanPlayer {playerName = \"Chris\"}"
"listening for HumanPlayer {playerName = \"Chris\"}"
"listening for HumanPlayer {playerName = \"Chris\"}"
"listening for HumanPlayer {playerName = \"Zhen\"}"
"listening for HumanPlayer {playerName = \"Chris\"}"
"listening for HumanPlayer {playerName = \"Chris\"}"
"listening for HumanPlayer {playerName = \"Chris\"}"
"listening for HumanPlayer {playerName = \"Chris\"}"
"listening for HumanPlayer {playerName = \"Chris\"}"
"listening for HumanPlayer {playerName = \"Zhen\"}"
"listening for HumanPlayer {playerName = \"Chris\"}"
"listening for HumanPlayer {playerName = \"Chris\"}"
"listening for HumanPlayer {playerName = \"Chris\"}"
"listening for HumanPlayer {playerName = \"Zhen\"}"
"listening for HumanPlayer {playerName = \"Chris\"}"
"listening for HumanPlayer {playerName = \"Chris\"}"
"listening for HumanPlayer {playerName = \"Chris\"}"
"listening for HumanPlayer {playerName = \"Chris\"}"
"listening for HumanPlayer {playerName = \"Chris\"}"
"listening for HumanPlayer {playerName = \"Zhen\"}"
"listening for HumanPlayer {playerName = \"Chris\"}"
"listening for HumanPlayer {playerName = \"Chris\"}"
"listening for HumanPlayer {playerName = \"Zhen\"}"
"listening for HumanPlayer {playerName = \"Chris\"}"
"DISCONNECTED: HumanPlayer {playerName = \"Chris\"}"
wildsow-hs-exe: ConnectionClosed
wildsow-hs-exe: ParseException "string"
"DISCONNECTED: HumanPlayer {playerName = \"Zhen\"}"
wildsow-hs-exe: ConnectionClosed
wildsow-hs-exe: ParseException "string"
